E(Har) ImSigma_kn(Har) ImSigmaP(Har) dfde v*v
 5.2551487e-02  5.3382160e-07  5.3382270e-07  2.6314585e+03  1.6160119e-18  9.8063644e-20  9.2369821e-20
 5.2551487e-02  5.3349804e-07  5.3349793e-07  2.6314585e+03  5.1726011e-21  1.1817643e-19  6.5126087e-18
 5.2687358e-02  2.6361834e-06  2.8005007e-06  1.6403759e+03  1.5293953e-03  1.5218168e-03  1.5299991e-03
 5.2687359e-02  2.5998039e-06  2.7621110e-06  1.6403703e+03  1.5254097e-03  1.5311120e-03  1.5248025e-03
 5.3088101e-02  3.0112413e-06  2.1544375e-06  3.6845183e+01  5.8171465e-03  5.7599383e-03  5.8170907e-03
 5.3088118e-02  2.8773838e-06  2.0189875e-06  3.6838523e+01  5.7812679e-03  5.8323342e-03  5.7813093e-03
 5.3088101e-02  2.9303819e-06  2.0659813e-06  3.6845177e+01  5.8171307e-03  5.7599393e-03  5.8171068e-03
 5.3088118e-02  2.9817560e-06  2.1319665e-06  3.6838506e+01  5.7812838e-03  5.8323334e-03  5.7812939e-03
 5.2687358e-02  2.6114543e-06  2.7737426e-06  1.6403758e+03  1.5293836e-03  1.5218241e-03  1.5300042e-03
 5.2687359e-02  2.6297593e-06  2.7919292e-06  1.6403701e+03  1.5254216e-03  1.5311048e-03  1.5247979e-03
 5.2687358e-02  2.5828010e-06  2.7322049e-06  1.6403766e+03  1.5312176e-03  1.5278671e-03  1.5221288e-03
 5.2687359e-02  2.6387159e-06  2.8034132e-06  1.6403706e+03  1.5235926e-03  1.5269280e-03  1.5307991e-03
 5.2732629e-02  3.2792594e-06  2.9071631e-06  1.1858743e+03  6.0998495e-03  5.3558605e-10  4.0390616e-09
 5.2732629e-02  3.2633773e-06  2.8955690e-06  1.1858677e+03  6.0997289e-03  2.2691185e-09  7.7626797e-09
 5.3044361e-02  3.5688231e-06  2.5464676e-06  5.8149606e+01  1.3194633e-02  1.4433721e-03  1.4463606e-03
 5.3045506e-02  3.7166376e-06  2.7086547e-06  5.7460953e+01  1.3274962e-02  1.4566063e-03  1.4587711e-03
 5.2910813e-02  2.6312761e-06  1.8884419e-06  2.2924875e+02  3.1905885e-16  5.9175158e-03  5.9175251e-03
 5.2911975e-02  2.7190931e-06  1.9763815e-06  2.2658504e+02  3.3203007e-18  5.9717794e-03  5.9717790e-03
 5.3088101e-02  2.8473536e-06  1.9678876e-06  3.6845247e+01  5.8181070e-03  5.8161014e-03  5.7599606e-03
 5.3088118e-02  3.0079048e-06  2.1503899e-06  3.6838611e+01  5.7803162e-03  5.7822791e-03  5.8323125e-03
 5.3044361e-02  3.6906554e-06  2.6524739e-06  5.8149468e+01  1.3194632e-02  1.4463564e-03  1.4433706e-03
 5.3045505e-02  3.5759878e-06  2.5501605e-06  5.7461252e+01  1.3274967e-02  1.4587667e-03  1.4566037e-03
 5.3088101e-02  3.0081364e-06  2.1564957e-06  3.6845247e+01  5.8181602e-03  5.8160474e-03  5.7599612e-03
 5.3088118e-02  2.8415686e-06  1.9582633e-06  3.6838611e+01  5.7802635e-03  5.7823327e-03  5.8323113e-03
 5.3044361e-02  3.5950416e-06  2.5634889e-06  5.8149461e+01  1.3194633e-02  1.4463566e-03  1.4433698e-03
 5.3045505e-02  3.6597259e-06  2.6282504e-06  5.7461244e+01  1.3274967e-02  1.4587664e-03  1.4566041e-03
 5.2687358e-02  2.6373513e-06  2.8041935e-06  1.6403766e+03  1.5312595e-03  1.5278137e-03  1.5221403e-03
 5.2687359e-02  2.5819464e-06  2.7305054e-06  1.6403706e+03  1.5235510e-03  1.5269814e-03  1.5307872e-03
 5.2910813e-02  2.7000676e-06  1.9643906e-06  2.2924881e+02  3.4038287e-16  5.9175157e-03  5.9175251e-03
 5.2911975e-02  2.6439756e-06  1.8955645e-06  2.2658505e+02  1.1803631e-17  5.9717794e-03  5.9717783e-03
 5.3044361e-02  3.7019398e-06  2.7041135e-06  5.8149580e+01  1.3194632e-02  1.4433714e-03  1.4463612e-03
 5.3045506e-02  3.5917358e-06  2.5613008e-06  5.7460944e+01  1.3274963e-02  1.4566070e-03  1.4587708e-03
 5.2732629e-02  3.2556624e-06  2.8862574e-06  1.1858740e+03  6.0998497e-03  5.4578172e-10  4.0090679e-09
 5.2732629e-02  3.2862836e-06  2.9150486e-06  1.1858677e+03  6.0997289e-03  2.2899315e-09  7.7218547e-09
 5.2687483e-02  2.6380510e-06  2.8023361e-06  1.6390497e+03  1.5320418e-03  1.5289432e-03  1.5242685e-03
 5.2687484e-02  2.5804908e-06  2.7286740e-06  1.6390471e+03  1.5248069e-03  1.5278795e-03  1.5325693e-03
 5.2732628e-02  3.2332464e-06  2.8598197e-06  1.1858784e+03  2.0084356e-09  6.0998342e-03  2.4299929e-09
 5.2732629e-02  3.2879991e-06  2.9179841e-06  1.1858710e+03  4.8324082e-09  6.0997161e-03  5.4612406e-09
 5.3044226e-02  3.7036343e-06  2.6789495e-06  5.8231255e+01  1.4442976e-03  1.3192342e-02  1.4442932e-03
 5.3045376e-02  3.5508884e-06  2.5222765e-06  5.7538726e+01  1.4573424e-03  1.3272284e-02  1.4573493e-03
 5.2911076e-02  2.7034253e-06  1.9768538e-06  2.2864474e+02  5.9215910e-03  4.4535453e-10  5.9215729e-03
 5.2912218e-02  2.6570606e-06  1.9232716e-06  2.2603144e+02  5.9751855e-03  7.6338510e-10  5.9751722e-03
 5.2732628e-02  3.2969603e-06  2.9270903e-06  1.1858788e+03  2.9069917e-09  1.5446829e-09  6.0998434e-03
 5.2732629e-02  3.2297202e-06  2.8579525e-06  1.1858686e+03  6.1767848e-09  4.0765780e-09  6.0997239e-03
 5.2687358e-02  2.5891498e-06  2.7302147e-06  1.6403769e+03  1.5222080e-03  1.5276923e-03  1.5313128e-03
 5.2687359e-02  2.6000349e-06  2.7579684e-06  1.6403714e+03  1.5307142e-03  1.5271068e-03  1.5234956e-03
 5.2910814e-02  2.6546205e-06  1.9081227e-06  2.2924824e+02  5.9175272e-03  5.9175266e-03  1.3448189e-16
 5.2911975e-02  2.6695785e-06  1.9313781e-06  2.2658467e+02  5.9717743e-03  5.9717761e-03  8.4284506e-16
 5.3044361e-02  3.6213529e-06  2.5979087e-06  5.8149880e+01  1.4463620e-03  1.4433742e-03  1.3194618e-02
 5.3045505e-02  3.6609275e-06  2.6641119e-06  5.7461312e+01  1.4587823e-03  1.4566002e-03  1.3274953e-02
 5.3044227e-02  3.5239334e-06  2.5020923e-06  5.8231085e+01  1.4443033e-03  1.4442864e-03  1.3192358e-02
 5.3045376e-02  3.7171081e-06  2.6774756e-06  5.7538771e+01  1.4573397e-03  1.4573554e-03  1.3272290e-02
 5.2910814e-02  2.6129144e-06  1.8619894e-06  2.2924757e+02  5.9175227e-03  3.9076677e-16  5.9175315e-03
 5.2911975e-02  2.6999225e-06  1.9523288e-06  2.2658535e+02  5.9717819e-03  6.9452509e-16  5.9717789e-03
 5.3044227e-02  3.5826715e-06  2.5303591e-06  5.8231002e+01  1.3192345e-02  1.4442921e-03  1.4443013e-03
 5.3045376e-02  3.6539981e-06  2.6346419e-06  5.7538273e+01  1.3272301e-02  1.4573564e-03  1.4573471e-03
 5.2911076e-02  2.5990345e-06  1.8487472e-06  2.2864496e+02  5.9215977e-03  5.9215576e-03  4.4830636e-10
 5.2912218e-02  2.7393499e-06  2.0117865e-06  2.2603207e+02  5.9751826e-03  5.9751606e-03  7.6658647e-10
 5.3044360e-02  3.5488619e-06  2.5300343e-06  5.8150104e+01  1.4463696e-03  1.3194599e-02  1.4433668e-03
 5.3045505e-02  3.6872856e-06  2.6663935e-06  5.7461456e+01  1.4587780e-03  1.3274938e-02  1.4566036e-03
 5.3044603e-02  3.5982922e-06  2.5987092e-06  5.8003341e+01  1.3198655e-02  1.4469437e-03  1.4469457e-03
 5.3045741e-02  3.6786827e-06  2.6523676e-06  5.7320149e+01  1.3277147e-02  1.4602603e-03  1.4602728e-03
 5.3088578e-02  2.9341390e-06  2.0727062e-06  3.6661936e+01  5.8377458e-03  5.7850254e-03  5.7874432e-03
 5.3088579e-02  2.9017470e-06  2.0230597e-06  3.6661683e+01  5.7691708e-03  5.8217301e-03  5.8193434e-03
 5.3044602e-02  3.5183929e-06  2.4918416e-06  5.8004083e+01  1.4469637e-03  1.3198581e-02  1.4469437e-03
 5.3045741e-02  3.7006563e-06  2.6584706e-06  5.7320359e+01  1.4602786e-03  1.3277120e-02  1.4602789e-03
 5.3044602e-02  3.7089924e-06  2.6843913e-06  5.8003987e+01  1.4469624e-03  1.4469399e-03  1.3198616e-02
 5.3045741e-02  3.5262587e-06  2.4929590e-06  5.7320194e+01  1.4602779e-03  1.4602684e-03  1.3277135e-02
 5.2911075e-02  2.6782985e-06  1.9295076e-06  2.2864639e+02  4.5277181e-10  5.9215587e-03  5.9215768e-03
 5.2912218e-02  2.6352309e-06  1.8743625e-06  2.2603223e+02  7.7302864e-10  5.9751679e-03  5.9751761e-03
 5.3044360e-02  3.6714652e-06  2.6482394e-06  5.8150163e+01  1.4433682e-03  1.3194608e-02  1.4463591e-03
 5.3045505e-02  3.5275826e-06  2.4736633e-06  5.7461522e+01  1.4565914e-03  1.3274941e-02  1.4587793e-03
 5.3044361e-02  3.5870160e-06  2.5428015e-06  5.8149872e+01  1.4433730e-03  1.4463503e-03  1.3194628e-02
 5.3045504e-02  3.6081430e-06  2.5608345e-06  5.7461630e+01  1.4565883e-03  1.4587800e-03  1.3274954e-02
 5.3088101e-02  2.8501797e-06  1.9434955e-06  3.6845323e+01  5.7599446e-03  5.8162455e-03  5.8179736e-03
 5.3088118e-02  2.9463244e-06  2.0839688e-06  3.6838675e+01  5.8323114e-03  5.7821488e-03  5.7804410e-03
 5.3088578e-02  2.9135402e-06  2.0375701e-06  3.6661945e+01  5.8378513e-03  5.7835268e-03  5.7888372e-03
 5.3088579e-02  2.9500033e-06  2.0856875e-06  3.6661670e+01  5.7690656e-03  5.8232338e-03  5.8179451e-03
 5.3044602e-02  3.7087421e-06  2.6689961e-06  5.8004082e+01  1.4469642e-03  1.3198583e-02  1.4469427e-03
 5.3045741e-02  3.5388859e-06  2.4995920e-06  5.7320336e+01  1.4602779e-03  1.3277119e-02  1.4602796e-03
 5.3088101e-02  2.9572075e-06  2.0833648e-06  3.6845325e+01  5.7599471e-03  5.8162602e-03  5.8179567e-03
 5.3088118e-02  2.8448116e-06  1.9442661e-06  3.6838647e+01  5.8323091e-03  5.7821343e-03  5.7804572e-03
 5.3044361e-02  3.5980210e-06  2.5493455e-06  5.8149859e+01  1.4433729e-03  1.4463499e-03  1.3194630e-02
 5.3045504e-02  3.6120039e-06  2.5641558e-06  5.7461619e+01  1.4565885e-03  1.4587805e-03  1.3274951e-02
 5.3044602e-02  3.5346751e-06  2.5016433e-06  5.8003982e+01  1.4469635e-03  1.4469391e-03  1.3198616e-02
 5.3045741e-02  3.7260583e-06  2.7018114e-06  5.7320193e+01  1.4602766e-03  1.4602694e-03  1.3277134e-02
 5.3044360e-02  3.5464506e-06  2.4907763e-06  5.8150133e+01  1.4433671e-03  1.3194610e-02  1.4463586e-03
 5.3045505e-02  3.6672733e-06  2.6384709e-06  5.7461510e+01  1.4565927e-03  1.3274939e-02  1.4587795e-03
 5.2911075e-02  2.6209980e-06  1.8647750e-06  2.2864635e+02  4.5318460e-10  5.9215591e-03  5.9215761e-03
 5.2912218e-02  2.7074120e-06  1.9516780e-06  2.2603217e+02  7.7236098e-10  5.9751677e-03  5.9751762e-03
 5.2687483e-02  2.5821806e-06  2.7322376e-06  1.6390497e+03  1.5322228e-03  1.5286458e-03  1.5243846e-03
 5.2687484e-02  2.6426628e-06  2.8071694e-06  1.6390470e+03  1.5246261e-03  1.5281768e-03  1.5324525e-03
 5.2911076e-02  2.6269040e-06  1.8984701e-06  2.2864475e+02  5.9215912e-03  4.4519040e-10  5.9215728e-03
 5.2912218e-02  2.7368597e-06  2.0036528e-06  2.2603149e+02  5.9751851e-03  7.6366654e-10  5.9751716e-03
 5.3044226e-02  3.6015942e-06  2.5599494e-06  5.8231245e+01  1.4442982e-03  1.3192341e-02  1.4442929e-03
 5.3045376e-02  3.6764597e-06  2.6568030e-06  5.7538697e+01  1.4573420e-03  1.3272285e-02  1.4573499e-03
 5.2732628e-02  3.2841188e-06  2.9135657e-06  1.1858782e+03  2.0167137e-09  6.0998345e-03  2.4105681e-09
 5.2732629e-02  3.2404124e-06  2.8660010e-06  1.1858708e+03  4.8449144e-09  6.0997160e-03  5.4314694e-09
 5.2911076e-02  2.7285966e-06  2.0005523e-06  2.2864496e+02  5.9215964e-03  5.9215589e-03  4.4827621e-10
 5.2912218e-02  2.6189724e-06  1.8654847e-06  2.2603206e+02  5.9751836e-03  5.9751595e-03  7.6638400e-10
 5.3044603e-02  3.6709951e-06  2.6403719e-06  5.8003346e+01  1.3198653e-02  1.4469439e-03  1.4469462e-03
 5.3045741e-02  3.6225577e-06  2.6226577e-06  5.7320157e+01  1.3277148e-02  1.4602601e-03  1.4602719e-03
 5.3044360e-02  3.6753756e-06  2.6513663e-06  5.8150087e+01  1.4463687e-03  1.3194600e-02  1.4433663e-03
 5.3045505e-02  3.5765946e-06  2.5528682e-06  5.7461452e+01  1.4587788e-03  1.3274937e-02  1.4566044e-03
 5.3044227e-02  3.7121526e-06  2.6750121e-06  5.8231086e+01  1.4443036e-03  1.4442864e-03  1.3192356e-02
 5.3045376e-02  3.5271679e-06  2.5059605e-06  5.7538769e+01  1.4573396e-03  1.4573552e-03  1.3272290e-02
 5.3044227e-02  3.6746064e-06  2.6483236e-06  5.8231012e+01  1.3192346e-02  1.4442920e-03  1.4443005e-03
 5.3045377e-02  3.5638658e-06  2.5145255e-06  5.7538226e+01  1.3272300e-02  1.4573567e-03  1.4573476e-03
 5.2910814e-02  2.6796506e-06  1.9351333e-06  2.2924754e+02  5.9175228e-03  7.4477443e-17  5.9175313e-03
 5.2911975e-02  2.6286087e-06  1.8757756e-06  2.2658530e+02  5.9717821e-03  1.5178836e-15  5.9717784e-03
 5.2732628e-02  3.2323417e-06  2.8604720e-06  1.1858788e+03  2.8673956e-09  1.5527894e-09  6.0998430e-03
 5.2732629e-02  3.2972735e-06  2.9273413e-06  1.1858686e+03  6.1186468e-09  4.0899166e-09  6.0997236e-03
 5.3044361e-02  3.6433166e-06  2.6464329e-06  5.8149886e+01  1.4463626e-03  1.4433736e-03  1.3194616e-02
 5.3045505e-02  3.6302700e-06  2.6055271e-06  5.7461321e+01  1.4587816e-03  1.4566007e-03  1.3274955e-02
 5.2910814e-02  2.6691006e-06  1.9308237e-06  2.2924820e+02  5.9175279e-03  5.9175276e-03  5.0981942e-17
 5.2911975e-02  2.6634549e-06  1.9150183e-06  2.2658456e+02  5.9717740e-03  5.9717753e-03  8.6610577e-16
 5.2687358e-02  2.6055056e-06  2.7622475e-06  1.6403768e+03  1.5221795e-03  1.5277923e-03  1.5312411e-03
 5.2687359e-02  2.5860064e-06  2.7272574e-06  1.6403711e+03  1.5307430e-03  1.5270070e-03  1.5235668e-03
