E(Har) ImSigma_kn(Har) ImSigma_Flip
 5.2551487e-02  5.3382160e-07  1.8253844e-09
 5.2551487e-02  5.3349804e-07  1.7202939e-09
 5.2687358e-02  2.6361834e-06  3.5924115e-08
 5.2687359e-02  2.5998039e-06  3.4699737e-08
 5.3088101e-02  3.0112413e-06  2.2303595e-06
 5.3088118e-02  2.8773838e-06  2.0943955e-06
 5.3088101e-02  2.9303819e-06  2.1871933e-06
 5.3088118e-02  2.9817560e-06  2.2681572e-06
 5.2687358e-02  2.6114543e-06  3.8866137e-08
 5.2687359e-02  2.6297593e-06  3.5795249e-08
 5.2687358e-02  2.5828010e-06  3.6173541e-08
 5.2687359e-02  2.6387159e-06  3.5422756e-08
 5.2732629e-02  3.2792594e-06  5.2582121e-08
 5.2732629e-02  3.2633773e-06  5.7406072e-08
 5.3044361e-02  3.5688231e-06  2.3484321e-06
 5.3045506e-02  3.7166376e-06  2.4857048e-06
 5.2910813e-02  2.6312761e-06  1.8452972e-06
 5.2911975e-02  2.7190931e-06  1.9273596e-06
 5.3088101e-02  2.8473536e-06  1.4676292e-06
 5.3088118e-02  3.0079048e-06  1.5641871e-06
 5.3044361e-02  3.6906554e-06  2.4231583e-06
 5.3045505e-02  3.5759878e-06  2.3024064e-06
 5.3088101e-02  3.0081364e-06  1.5778825e-06
 5.3088118e-02  2.8415686e-06  1.4830706e-06
 5.3044361e-02  3.5950416e-06  2.2782992e-06
 5.3045505e-02  3.6597259e-06  2.3567248e-06
 5.2687358e-02  2.6373513e-06  3.3234374e-08
 5.2687359e-02  2.5819464e-06  3.3463361e-08
 5.2910813e-02  2.7000676e-06  1.8947967e-06
 5.2911975e-02  2.6439756e-06  1.8452140e-06
 5.3044361e-02  3.7019398e-06  2.3716425e-06
 5.3045506e-02  3.5917358e-06  2.2477467e-06
 5.2732629e-02  3.2556624e-06  4.4746804e-08
 5.2732629e-02  3.2862836e-06  4.8055190e-08
 5.2687483e-02  2.6380510e-06  3.1411586e-08
 5.2687484e-02  2.5804908e-06  3.1217894e-08
 5.2732628e-02  3.2332464e-06  4.4079905e-08
 5.2732629e-02  3.2879991e-06  4.0875838e-08
 5.3044226e-02  3.7036343e-06  1.8529973e-06
 5.3045376e-02  3.5508884e-06  1.6887003e-06
 5.2911076e-02  2.7034253e-06  1.6465206e-06
 5.2912218e-02  2.6570606e-06  1.5850258e-06
 5.2732628e-02  3.2969603e-06  4.4669202e-08
 5.2732629e-02  3.2297202e-06  4.6546161e-08
 5.2687358e-02  2.5891498e-06  2.4845971e-08
 5.2687359e-02  2.6000349e-06  2.6167405e-08
 5.2910814e-02  2.6546205e-06  1.3831440e-06
 5.2911975e-02  2.6695785e-06  1.3903317e-06
 5.3044361e-02  3.6213529e-06  1.6772338e-06
 5.3045505e-02  3.6609275e-06  1.6963269e-06
 5.3044227e-02  3.5239334e-06  1.5476307e-06
 5.3045376e-02  3.7171081e-06  1.6627798e-06
 5.2910814e-02  2.6129144e-06  1.2683722e-06
 5.2911975e-02  2.6999225e-06  1.3469851e-06
 5.3044227e-02  3.5826715e-06  1.6842288e-06
 5.3045376e-02  3.6539981e-06  1.7672773e-06
 5.2911076e-02  2.5990345e-06  1.1901329e-06
 5.2912218e-02  2.7393499e-06  1.2491456e-06
 5.3044360e-02  3.5488619e-06  1.6636386e-06
 5.3045505e-02  3.6872856e-06  1.8089714e-06
 5.3044603e-02  3.5982922e-06  1.8015920e-06
 5.3045741e-02  3.6786827e-06  1.8970437e-06
 5.3088578e-02  2.9341390e-06  2.0698854e-06
 5.3088579e-02  2.9017470e-06  2.1272219e-06
 5.3044602e-02  3.5183929e-06  1.4341333e-06
 5.3045741e-02  3.7006563e-06  1.5965306e-06
 5.3044602e-02  3.7089924e-06  1.2869906e-06
 5.3045741e-02  3.5262587e-06  1.2257645e-06
 5.2911075e-02  2.6782985e-06  9.3270304e-07
 5.2912218e-02  2.6352309e-06  9.0449426e-07
 5.3044360e-02  3.6714652e-06  1.6182620e-06
 5.3045505e-02  3.5275826e-06  1.5284675e-06
 5.3044361e-02  3.5870160e-06  1.2169677e-06
 5.3045504e-02  3.6081430e-06  1.2262984e-06
 5.3088101e-02  2.8501797e-06  9.6845294e-07
 5.3088118e-02  2.9463244e-06  1.0640518e-06
 5.3088578e-02  2.9135402e-06  2.3021513e-06
 5.3088579e-02  2.9500033e-06  2.2432233e-06
 5.3044602e-02  3.7087421e-06  1.6483685e-06
 5.3045741e-02  3.5388859e-06  1.5116355e-06
 5.3088101e-02  2.9572075e-06  1.4236111e-06
 5.3088118e-02  2.8448116e-06  1.3680228e-06
 5.3044361e-02  3.5980210e-06  1.3690503e-06
 5.3045504e-02  3.6120039e-06  1.3771107e-06
 5.3044602e-02  3.5346751e-06  1.2633469e-06
 5.3045741e-02  3.7260583e-06  1.3094238e-06
 5.3044360e-02  3.5464506e-06  1.3517806e-06
 5.3045505e-02  3.6672733e-06  1.3904889e-06
 5.2911075e-02  2.6209980e-06  1.4051974e-06
 5.2912218e-02  2.7074120e-06  1.4419474e-06
 5.2687483e-02  2.5821806e-06  2.1184634e-08
 5.2687484e-02  2.6426628e-06  1.9888582e-08
 5.2911076e-02  2.6269040e-06  9.5902700e-07
 5.2912218e-02  2.7368597e-06  1.0173159e-06
 5.3044226e-02  3.6015942e-06  1.0249690e-06
 5.3045376e-02  3.6764597e-06  1.0821832e-06
 5.2732628e-02  3.2841188e-06  2.1798858e-08
 5.2732629e-02  3.2404124e-06  2.0029117e-08
 5.2911076e-02  2.7285966e-06  7.4182483e-07
 5.2912218e-02  2.6189724e-06  7.1189446e-07
 5.3044603e-02  3.6709951e-06  1.0015488e-06
 5.3045741e-02  3.6225577e-06  9.7274777e-07
 5.3044360e-02  3.6753756e-06  1.0812448e-06
 5.3045505e-02  3.5765946e-06  1.0176152e-06
 5.3044227e-02  3.7121526e-06  8.5236243e-07
 5.3045376e-02  3.5271679e-06  8.0360713e-07
 5.3044227e-02  3.6746064e-06  9.5129914e-07
 5.3045377e-02  3.5638658e-06  9.0699449e-07
 5.2910814e-02  2.6796506e-06  8.4499736e-07
 5.2911975e-02  2.6286087e-06  8.2441350e-07
 5.2732628e-02  3.2323417e-06  2.1628366e-08
 5.2732629e-02  3.2972735e-06  2.0495772e-08
 5.3044361e-02  3.6433166e-06  8.0722566e-07
 5.3045505e-02  3.6302700e-06  8.0702340e-07
 5.2910814e-02  2.6691006e-06  6.1328902e-07
 5.2911975e-02  2.6634549e-06  6.1059363e-07
 5.2687358e-02  2.6055056e-06  1.0401282e-08
 5.2687359e-02  2.5860064e-06  1.1226491e-08
