E(Har) ImSigma_kn(Har) b^2
 5.2551487e-02  5.3382160e-07 -2.4658053e-13 -3.2762681e-13 -6.6613381e-14
 5.2551487e-02  5.3349804e-07 -5.7065463e-13 -4.8872018e-13 -7.4940054e-13
 5.2687358e-02  2.6361834e-06  4.1825860e-05  4.1794615e-05  4.1825749e-05
 5.2687359e-02  2.5998039e-06  4.1825745e-05  4.1794692e-05  4.1825401e-05
 5.3088101e-02  3.0112413e-06  1.5154231e-01  4.9546075e-01  1.4161772e-01
 5.3088118e-02  2.8773838e-06  1.5154232e-01  4.9546075e-01  1.4161773e-01
 5.3088101e-02  2.9303819e-06  1.5171463e-01  4.9497534e-01  1.4145673e-01
 5.3088118e-02  2.9817560e-06  1.5171464e-01  4.9497535e-01  1.4145675e-01
 5.2687358e-02  2.6114543e-06  4.1826156e-05  4.1794904e-05  4.1825848e-05
 5.2687359e-02  2.6297593e-06  4.1826026e-05  4.1794989e-05  4.1825509e-05
 5.2687358e-02  2.5828010e-06  4.1825737e-05  4.1825910e-05  4.1794434e-05
 5.2687359e-02  2.6387159e-06  4.1825229e-05  4.1825009e-05  4.1794392e-05
 5.2732629e-02  3.2792594e-06  8.3670531e-05  4.1448805e-05  4.1445455e-05
 5.2732629e-02  3.2633773e-06  8.3670592e-05  4.1454378e-05  4.1457291e-05
 5.3044361e-02  3.5688231e-06  4.9350710e-01  1.4481187e-01  1.4830627e-01
 5.3045506e-02  3.7166376e-06  4.9350712e-01  1.4481011e-01  1.4830457e-01
 5.2910813e-02  2.6312761e-06  4.9917190e-01  1.4656779e-01  1.4644319e-01
 5.2911975e-02  2.7190931e-06  4.9917191e-01  1.4656604e-01  1.4644145e-01
 5.3088101e-02  2.8473536e-06  1.5580619e-01  1.3763635e-01  4.8977986e-01
 5.3088118e-02  3.0079048e-06  1.5580620e-01  1.3763636e-01  4.8977986e-01
 5.3044361e-02  3.6906554e-06  4.9365794e-01  1.4830644e-01  1.4480897e-01
 5.3045505e-02  3.5759878e-06  4.9365796e-01  1.4830475e-01  1.4480722e-01
 5.3088101e-02  3.0081364e-06  1.5534466e-01  1.3812236e-01  4.8823036e-01
 5.3088118e-02  2.8415686e-06  1.5534467e-01  1.3812238e-01  4.8823036e-01
 5.3044361e-02  3.5950416e-06  4.9365651e-01  1.4830931e-01  1.4480616e-01
 5.3045505e-02  3.6597259e-06  4.9365653e-01  1.4830761e-01  1.4480440e-01
 5.2687358e-02  2.6373513e-06  4.1825854e-05  4.1825788e-05  4.1794437e-05
 5.2687359e-02  2.5819464e-06  4.1825321e-05  4.1824905e-05  4.1794384e-05
 5.2910813e-02  2.7000676e-06  4.9917513e-01  1.4657731e-01  1.4643367e-01
 5.2911975e-02  2.6439756e-06  4.9917514e-01  1.4657556e-01  1.4643192e-01
 5.3044361e-02  3.7019398e-06  4.9349806e-01  1.4479020e-01  1.4832832e-01
 5.3045506e-02  3.5917358e-06  4.9349807e-01  1.4478845e-01  1.4832662e-01
 5.2732629e-02  3.2556624e-06  8.3670919e-05  4.1448963e-05  4.1445574e-05
 5.2732629e-02  3.2862836e-06  8.3670991e-05  4.1454582e-05  4.1457373e-05
 5.2687483e-02  2.6380510e-06  4.1865018e-05  4.1865122e-05  4.1865212e-05
 5.2687484e-02  2.5804908e-06  4.1864852e-05  4.1864525e-05  4.1865182e-05
 5.2732628e-02  3.2332464e-06  4.1447190e-05  8.3670607e-05  4.1446557e-05
 5.2732629e-02  3.2879991e-06  4.1456030e-05  8.3670578e-05  4.1456108e-05
 5.3044226e-02  3.7036343e-06  1.4659859e-01  4.9999289e-01  1.4645105e-01
 5.3045376e-02  3.5508884e-06  1.4659685e-01  4.9999289e-01  1.4644931e-01
 5.2911076e-02  2.7034253e-06  1.4648546e-01  4.9982396e-01  1.4652475e-01
 5.2912218e-02  2.6570606e-06  1.4648372e-01  4.9982396e-01  1.4652301e-01
 5.2732628e-02  3.2969603e-06  4.1446778e-05  4.1447709e-05  8.3671488e-05
 5.2732629e-02  3.2297202e-06  4.1457010e-05  4.1455718e-05  8.3671513e-05
 5.2687358e-02  2.5891498e-06  4.1794546e-05  4.1825762e-05  4.1825958e-05
 5.2687359e-02  2.6000349e-06  4.1794703e-05  4.1825691e-05  4.1825678e-05
 5.2910814e-02  2.6546205e-06  1.4649954e-01  1.4651113e-01  4.9930561e-01
 5.2911975e-02  2.6695785e-06  1.4649780e-01  1.4650939e-01  4.9930561e-01
 5.3044361e-02  3.6213529e-06  1.4807529e-01  1.4504125e-01  4.9347873e-01
 5.3045505e-02  3.6609275e-06  1.4807359e-01  1.4503949e-01  4.9347875e-01
 5.3044227e-02  3.5239334e-06  1.4668245e-01  1.4636728e-01  4.9984579e-01
 5.3045376e-02  3.7171081e-06  1.4668071e-01  1.4636554e-01  4.9984579e-01
 5.2910814e-02  2.6129144e-06  1.4656481e-01  4.9941299e-01  1.4644569e-01
 5.2911975e-02  2.6999225e-06  1.4656306e-01  4.9941299e-01  1.4644394e-01
 5.3044227e-02  3.5826715e-06  4.9984349e-01  1.4643982e-01  1.4660986e-01
 5.3045376e-02  3.6539981e-06  4.9984349e-01  1.4643808e-01  1.4660812e-01
 5.2911076e-02  2.5990345e-06  1.4642163e-01  1.4658855e-01  4.9998851e-01
 5.2912218e-02  2.7393499e-06  1.4641989e-01  1.4658680e-01  4.9998851e-01
 5.3044360e-02  3.5488619e-06  1.4819823e-01  4.9353034e-01  1.4491845e-01
 5.3045505e-02  3.6872856e-06  1.4819653e-01  4.9353036e-01  1.4491670e-01
 5.3044603e-02  3.5982922e-06  4.9993656e-01  1.4663590e-01  1.4641385e-01
 5.3045741e-02  3.6786827e-06  4.9993656e-01  1.4663422e-01  1.4641217e-01
 5.3088578e-02  2.9341390e-06  1.5883045e-04  1.5883110e-04  1.5883183e-04
 5.3088579e-02  2.9017470e-06  1.5883061e-04  1.5882948e-04  1.5883115e-04
 5.3044602e-02  3.5183929e-06  1.4660121e-01  4.9989471e-01  1.4644853e-01
 5.3045741e-02  3.7006563e-06  1.4659953e-01  4.9989471e-01  1.4644685e-01
 5.3044602e-02  3.7089924e-06  1.4656321e-01  1.4648651e-01  4.9991023e-01
 5.3045741e-02  3.5262587e-06  1.4656153e-01  1.4648483e-01  4.9991023e-01
 5.2911075e-02  2.6782985e-06  4.9989738e-01  1.4651610e-01  1.4649408e-01
 5.2912218e-02  2.6352309e-06  4.9989739e-01  1.4651436e-01  1.4649234e-01
 5.3044360e-02  3.6714652e-06  1.4494335e-01  4.9360818e-01  1.4817169e-01
 5.3045505e-02  3.5275826e-06  1.4494159e-01  4.9360820e-01  1.4816999e-01
 5.3044361e-02  3.5870160e-06  1.4506128e-01  1.4805206e-01  4.9364425e-01
 5.3045504e-02  3.6081430e-06  1.4505952e-01  1.4805036e-01  4.9364427e-01
 5.3088101e-02  2.8501797e-06  4.8574721e-01  1.4410134e-01  1.4926612e-01
 5.3088118e-02  2.9463244e-06  4.8574722e-01  1.4410136e-01  1.4926614e-01
 5.3088578e-02  2.9135402e-06  1.5883035e-04  1.5883141e-04  1.5883184e-04
 5.3088579e-02  2.9500033e-06  1.5883054e-04  1.5882987e-04  1.5883121e-04
 5.3044602e-02  3.7087421e-06  1.4660486e-01  4.9988247e-01  1.4644488e-01
 5.3045741e-02  3.5388859e-06  1.4660318e-01  4.9988247e-01  1.4644320e-01
 5.3088101e-02  2.9572075e-06  4.8501757e-01  1.4513609e-01  1.4824957e-01
 5.3088118e-02  2.8448116e-06  4.8501757e-01  1.4513610e-01  1.4824958e-01
 5.3044361e-02  3.5980210e-06  1.4506068e-01  1.4805261e-01  4.9364723e-01
 5.3045504e-02  3.6120039e-06  1.4505893e-01  1.4805091e-01  4.9364725e-01
 5.3044602e-02  3.5346751e-06  1.4656887e-01  1.4648086e-01  4.9988258e-01
 5.3045741e-02  3.7260583e-06  1.4656719e-01  1.4647918e-01  4.9988258e-01
 5.3044360e-02  3.5464506e-06  1.4492555e-01  4.9360761e-01  1.4818966e-01
 5.3045505e-02  3.6672733e-06  1.4492379e-01  4.9360763e-01  1.4818796e-01
 5.2911075e-02  2.6209980e-06  4.9989888e-01  1.4651560e-01  1.4649458e-01
 5.2912218e-02  2.7074120e-06  4.9989888e-01  1.4651385e-01  1.4649284e-01
 5.2687483e-02  2.5821806e-06  4.1864968e-05  4.1865308e-05  4.1865231e-05
 5.2687484e-02  2.6426628e-06  4.1864813e-05  4.1864717e-05  4.1865203e-05
 5.2911076e-02  2.6269040e-06  1.4648248e-01  4.9982602e-01  1.4652773e-01
 5.2912218e-02  2.7368597e-06  1.4648073e-01  4.9982602e-01  1.4652599e-01
 5.3044226e-02  3.6015942e-06  1.4660274e-01  4.9999324e-01  1.4644690e-01
 5.3045376e-02  3.6764597e-06  1.4660100e-01  4.9999324e-01  1.4644516e-01
 5.2732628e-02  3.2841188e-06  4.1447407e-05  8.3671091e-05  4.1446696e-05
 5.2732629e-02  3.2404124e-06  4.1456302e-05  8.3671057e-05  4.1456215e-05
 5.2911076e-02  2.7285966e-06  1.4641395e-01  1.4659624e-01  4.9997275e-01
 5.2912218e-02  2.6189724e-06  1.4641221e-01  1.4659450e-01  4.9997275e-01
 5.3044603e-02  3.6709951e-06  4.9993194e-01  1.4663369e-01  1.4641605e-01
 5.3045741e-02  3.6225577e-06  4.9993194e-01  1.4663201e-01  1.4641438e-01
 5.3044360e-02  3.6753756e-06  1.4818401e-01  4.9351875e-01  1.4493275e-01
 5.3045505e-02  3.5765946e-06  1.4818231e-01  4.9351877e-01  1.4493100e-01
 5.3044227e-02  3.7121526e-06  1.4667910e-01  1.4637064e-01  4.9982129e-01
 5.3045376e-02  3.5271679e-06  1.4667736e-01  1.4636890e-01  4.9982129e-01
 5.3044227e-02  3.6746064e-06  4.9983076e-01  1.4645586e-01  1.4659382e-01
 5.3045377e-02  3.5638658e-06  4.9983076e-01  1.4645412e-01  1.4659208e-01
 5.2910814e-02  2.6796506e-06  1.4656977e-01  4.9941684e-01  1.4644072e-01
 5.2911975e-02  2.6286087e-06  1.4656803e-01  4.9941685e-01  1.4643897e-01
 5.2732628e-02  3.2323417e-06  4.1446859e-05  4.1447773e-05  8.3671502e-05
 5.2732629e-02  3.2972735e-06  4.1457051e-05  4.1455804e-05  8.3671533e-05
 5.3044361e-02  3.6433166e-06  1.4807799e-01  1.4503904e-01  4.9345349e-01
 5.3045505e-02  3.6302700e-06  1.4807629e-01  1.4503728e-01  4.9345351e-01
 5.2910814e-02  2.6691006e-06  1.4649825e-01  1.4651236e-01  4.9934184e-01
 5.2911975e-02  2.6634549e-06  1.4649650e-01  1.4651062e-01  4.9934184e-01
 5.2687358e-02  2.6055056e-06  4.1794892e-05  4.1826144e-05  4.1826088e-05
 5.2687359e-02  2.5860064e-06  4.1795055e-05  4.1826048e-05  4.1825787e-05
