E(eV) ImSigma(eV) N_States
 1.4295532e+00  8.6802755e-04 2
 1.4425111e+00  1.6525933e-03 16
 1.4468304e+00  1.2097018e-03 12
 1.4619480e+00  9.5591703e-04 24
 1.4727462e+00  2.2072030e-03 30
 1.4749059e+00  2.2263810e-03 18
 1.4770655e+00  2.0108901e-03 16
 1.4921831e+00  1.2630032e-03 12
 1.5029814e+00  2.2096598e-03 48
 1.5073007e+00  2.7329210e-03 48
 1.5202586e+00  1.3978898e-03 48
 1.5310568e+00  1.6703105e-03 46
 1.5332165e+00  1.7760993e-03 18
 1.5461744e+00  1.6337121e-03 12
 1.5483341e+00  1.5790741e-03 12
 1.5569727e+00  2.2560747e-03 96
 1.5591323e+00  2.3543245e-03 48
 1.5634516e+00  2.4797360e-03 12
 1.5742499e+00  1.5034431e-03 24
 1.5764095e+00  1.4673612e-03 24
 1.5807288e+00  1.2362363e-03 24
 1.5828885e+00  1.2792053e-03 24
 1.5850482e+00  1.6798164e-03 24
 1.5872078e+00  1.8252781e-03 24
 1.5958464e+00  2.2674415e-03 16
 1.6044850e+00  1.0773465e-03 24
 1.6066447e+00  1.2416916e-03 24
 1.6088043e+00  1.8228800e-03 48
 1.6109640e+00  1.8817254e-03 48
