E(Har) ImSigma_kn(Har) ImSigma_Flip
 5.2551487e-02  3.1976703e-05  2.1216229e-05
 5.2551487e-02  3.1822148e-05  2.1148230e-05
 5.3003600e-02  6.1486701e-05  3.1481221e-05
 5.3003613e-02  6.0299536e-05  3.0132895e-05
 5.4288385e-02  7.5915388e-05  4.3305786e-05
 5.4288481e-02  7.2437466e-05  3.9911774e-05
 5.8635300e-02  8.5234757e-05  4.4689652e-05
 5.8635534e-02  8.3828303e-05  4.4644622e-05
 5.6231997e-02  5.8023569e-05  3.2042877e-05
 5.6232200e-02  5.3831403e-05  2.9131166e-05
 5.6231997e-02  5.8025099e-05  3.3226415e-05
 5.6232200e-02  5.6551174e-05  3.2564259e-05
 5.8635300e-02  8.4365730e-05  4.4034331e-05
 5.8635533e-02  8.2121213e-05  4.2190941e-05
 5.4288385e-02  7.4711318e-05  4.2248872e-05
 5.4288481e-02  7.4889010e-05  4.3488932e-05
 5.3003600e-02  6.0837339e-05  3.0819831e-05
 5.3003613e-02  6.1310208e-05  3.1847775e-05
 5.3003600e-02  5.9985758e-05  3.2297996e-05
 5.3003613e-02  6.1618669e-05  3.3879114e-05
 5.3153798e-02  4.4321440e-05  1.7766895e-05
 5.3153804e-02  4.4876898e-05  1.7567884e-05
 5.4155662e-02  7.9938623e-05  5.1010464e-05
 5.4162221e-02  8.3701470e-05  5.3934399e-05
 5.5868665e-02  5.0235301e-05  3.0343996e-05
 5.5886325e-02  5.3040463e-05  3.2147139e-05
 5.7300518e-02  8.6407981e-05  5.2906534e-05
 5.7332745e-02  9.0572859e-05  5.9867481e-05
 5.8102637e-02  4.4069304e-05  3.0113293e-05
 5.8133666e-02  4.9039750e-05  3.1554012e-05
 5.5221213e-02  7.9259285e-05  4.6806752e-05
 5.5239553e-02  8.4809894e-05  5.2932089e-05
 5.3728404e-02  3.4537630e-05  1.9082328e-05
 5.3735163e-02  3.6059639e-05  2.0618746e-05
 5.4288385e-02  7.2264542e-05  4.3252543e-05
 5.4288480e-02  7.5477327e-05  4.5492956e-05
 5.8635300e-02  8.2958540e-05  3.5144694e-05
 5.8635532e-02  8.2185868e-05  3.5480640e-05
 5.4155663e-02  8.2666381e-05  5.3116730e-05
 5.4162220e-02  8.0682197e-05  5.0536273e-05
 5.4860326e-02  4.6282719e-05  2.5871115e-05
 5.4860385e-02  4.6874054e-05  2.7082287e-05
 5.6288252e-02  6.3184728e-05  4.4678962e-05
 5.6305627e-02  6.7204325e-05  4.7562300e-05
 5.8973584e-02  3.8669097e-05  2.2088322e-05
 5.9046284e-02  4.9086938e-05  3.2636511e-05
 5.9159528e-02  7.6239401e-05  5.3478928e-05
 5.9189480e-02  7.6341280e-05  5.3126047e-05
 5.8284180e-02  6.1035454e-05  3.8419154e-05
 5.8325606e-02  6.8795744e-05  4.3701051e-05
 5.6839692e-02  5.9937457e-05  2.7311877e-05
 5.6883694e-02  5.9261924e-05  2.9599027e-05
 5.8284183e-02  6.1833318e-05  3.8120882e-05
 5.8325605e-02  6.6824521e-05  4.3815961e-05
 5.5221212e-02  7.8436556e-05  4.5980388e-05
 5.5239553e-02  8.4543319e-05  5.1454421e-05
 5.8102638e-02  4.5172580e-05  3.0575010e-05
 5.8133664e-02  4.6383022e-05  3.2229844e-05
 5.6231997e-02  5.4515856e-05  2.2082508e-05
 5.6232199e-02  5.7606795e-05  2.3581151e-05
 5.6231997e-02  5.6516713e-05  2.3888878e-05
 5.6232199e-02  5.4282948e-05  2.2608300e-05
 5.5868666e-02  5.2564554e-05  3.1700484e-05
 5.5886323e-02  5.0830012e-05  3.0633449e-05
 5.7300517e-02  8.6695111e-05  5.3752790e-05
 5.7332743e-02  8.3279041e-05  5.0357518e-05
 5.6288253e-02  6.6229364e-05  4.6928486e-05
 5.6305626e-02  6.4409679e-05  4.4990721e-05
 5.8973583e-02  3.9286714e-05  2.2415495e-05
 5.9046283e-02  4.2016639e-05  2.5922660e-05
 5.9159526e-02  7.8472009e-05  5.5930306e-05
 5.9189481e-02  7.6894051e-05  5.2197630e-05
 5.7437770e-02  9.2004300e-05  5.5597078e-05
 5.7437917e-02  9.2196382e-05  5.8105726e-05
 5.7437770e-02  9.5164395e-05  6.5439214e-05
 5.7437918e-02  8.9085771e-05  5.8625491e-05
 5.9159526e-02  7.4854108e-05  5.0899154e-05
 5.9189481e-02  7.9194380e-05  5.1680954e-05
 5.8973583e-02  3.7882391e-05  2.1180108e-05
 5.9046283e-02  4.8520987e-05  3.0657298e-05
 5.6288253e-02  6.4209620e-05  4.4273982e-05
 5.6305626e-02  6.5609821e-05  4.6229122e-05
 5.7300517e-02  8.4412819e-05  5.1280902e-05
 5.7332743e-02  8.9337970e-05  5.5179689e-05
 5.5868666e-02  5.0819866e-05  3.0447920e-05
 5.5886323e-02  5.1598848e-05  3.2049211e-05
 5.8635300e-02  8.2288540e-05  3.3087700e-05
 5.8635532e-02  8.4717486e-05  3.4842293e-05
 5.4288385e-02  7.5171225e-05  4.5731610e-05
 5.4288480e-02  7.2061474e-05  4.4076480e-05
 5.8102638e-02  4.7896875e-05  3.2539375e-05
 5.8133664e-02  4.6132355e-05  3.1784766e-05
 5.5221212e-02  8.0783785e-05  4.7951177e-05
 5.5239553e-02  8.0297873e-05  4.7602729e-05
 5.8284183e-02  6.4309624e-05  4.0202044e-05
 5.8325605e-02  6.6504193e-05  4.2425297e-05
 5.6839692e-02  6.0452225e-05  2.8052096e-05
 5.6883694e-02  5.6734425e-05  2.7323378e-05
 5.8284180e-02  6.4691733e-05  4.0554463e-05
 5.8325606e-02  6.7655809e-05  4.3143299e-05
 5.9159529e-02  7.9803792e-05  5.3887236e-05
 5.9189480e-02  7.4854099e-05  5.0411279e-05
 5.8973583e-02  4.0099243e-05  2.2090253e-05
 5.9046284e-02  4.1860442e-05  2.5737744e-05
 5.6288252e-02  6.5835833e-05  4.6066746e-05
 5.6305627e-02  6.5217670e-05  4.5024708e-05
 5.4860326e-02  4.7406240e-05  2.1664960e-05
 5.4860385e-02  4.5746991e-05  1.9937652e-05
 5.4155663e-02  8.0645474e-05  5.2411954e-05
 5.4162220e-02  8.2098642e-05  5.4479938e-05
 5.3003600e-02  6.1540463e-05  3.0651262e-05
 5.3003613e-02  5.9872128e-05  2.9232195e-05
 5.3728404e-02  3.5661604e-05  1.9217157e-05
 5.3735163e-02  3.4612305e-05  1.8349608e-05
 5.5221213e-02  8.1975880e-05  4.8497488e-05
 5.5239553e-02  8.0029736e-05  4.7689552e-05
 5.8102637e-02  4.8788149e-05  3.3259736e-05
 5.8133665e-02  4.7351464e-05  3.1492865e-05
 5.7300517e-02  8.9363535e-05  5.3698420e-05
 5.7332745e-02  8.2368876e-05  4.9580822e-05
 5.5868666e-02  5.3050351e-05  3.1283951e-05
 5.5886325e-02  5.1593576e-05  2.9932260e-05
 5.4155663e-02  8.2799966e-05  5.3373271e-05
 5.4162221e-02  8.1407171e-05  5.1178062e-05
 5.3153798e-02  4.5133098e-05  1.2632467e-05
 5.3153804e-02  4.4066655e-05  1.2605168e-05
 5.3004005e-02  6.1051530e-05  2.3696760e-05
 5.3004006e-02  6.0314361e-05  2.3909600e-05
 5.3153797e-02  4.5022213e-05  1.3514118e-05
 5.3153803e-02  4.3620040e-05  1.3792117e-05
 5.4155173e-02  8.2755530e-05  3.8862496e-05
 5.4161779e-02  7.9734263e-05  3.5474934e-05
 5.5867577e-02  5.2480937e-05  2.3256056e-05
 5.5885402e-02  4.9713274e-05  2.1221100e-05
 5.7302610e-02  8.7123773e-05  4.7373786e-05
 5.7334343e-02  8.9856914e-05  4.8609229e-05
 5.8100975e-02  4.7602294e-05  2.7441335e-05
 5.8132261e-02  4.3697248e-05  2.5715457e-05
 5.5222701e-02  8.1035322e-05  4.3913114e-05
 5.5240711e-02  8.3322496e-05  4.5239802e-05
 5.3729286e-02  3.5601391e-05  1.6491450e-05
 5.3735928e-02  3.5127781e-05  1.5683308e-05
 5.3153798e-02  4.3569375e-05  1.6291981e-05
 5.3153803e-02  4.5214218e-05  1.5982684e-05
 5.3003600e-02  5.9907344e-05  1.6443202e-05
 5.3003612e-02  6.0951993e-05  1.7670273e-05
 5.3728405e-02  3.4963739e-05  1.4575681e-05
 5.3735163e-02  3.5131405e-05  1.4927791e-05
 5.5221215e-02  8.0620213e-05  3.3346865e-05
 5.5239554e-02  8.1753412e-05  3.4670412e-05
 5.8102633e-02  4.4198006e-05  1.7861999e-05
 5.8133663e-02  5.0930261e-05  2.0673081e-05
 5.7300521e-02  8.8380108e-05  3.7920785e-05
 5.7332746e-02  8.4577506e-05  3.6644454e-05
 5.5868663e-02  5.0729987e-05  1.7008589e-05
 5.5886322e-02  5.3167911e-05  1.7709446e-05
 5.4155661e-02  8.0845509e-05  3.7576368e-05
 5.4162219e-02  8.2673614e-05  3.8658369e-05
 5.4155173e-02  7.8738382e-05  3.4584758e-05
 5.4161779e-02  8.3651136e-05  3.7687961e-05
 5.3728405e-02  3.4128721e-05  1.3400478e-05
 5.3735163e-02  3.5793625e-05  1.4907188e-05
 5.4155173e-02  8.0261751e-05  3.5647306e-05
 5.4161782e-02  8.2437444e-05  3.7792760e-05
 5.5367143e-02  9.9893805e-05  4.6686595e-05
 5.5386387e-02  1.0178121e-04  4.8208223e-05
 5.7213352e-02  8.2956728e-05  3.6688072e-05
 5.7253590e-02  8.4092026e-05  3.6859785e-05
 5.7213348e-02  8.0443996e-05  3.4582802e-05
 5.7253585e-02  8.7881922e-05  3.9758851e-05
 5.5367141e-02  9.8130257e-05  4.0228823e-05
 5.5386383e-02  1.0339478e-04  4.3448453e-05
 5.5867577e-02  4.9575170e-05  1.5904761e-05
 5.5885402e-02  5.3168772e-05  1.7555227e-05
 5.7302608e-02  8.4143098e-05  3.3903743e-05
 5.7334346e-02  8.6428581e-05  3.4533945e-05
 5.5221216e-02  7.8983280e-05  3.8137298e-05
 5.5239553e-02  8.3372705e-05  4.3036786e-05
 5.8102632e-02  4.2832262e-05  2.5035891e-05
 5.8133661e-02  4.6734435e-05  2.8938506e-05
 5.5367144e-02  9.9819537e-05  6.4115330e-05
 5.5386385e-02  1.0141742e-04  6.7661754e-05
 5.6287297e-02  6.3886043e-05  2.7791431e-05
 5.6304815e-02  6.6052272e-05  3.2224300e-05
 5.9160514e-02  7.2713910e-05  4.7878285e-05
 5.9190396e-02  8.0193785e-05  5.5281384e-05
 5.8977647e-02  3.7337088e-05  2.1014269e-05
 5.9049772e-02  4.7542198e-05  2.8189324e-05
 5.7858653e-02  5.5439281e-05  2.4174907e-05
 5.7894214e-02  5.5054928e-05  2.4164696e-05
 5.9115685e-02  5.6030353e-05  2.3611775e-05
 5.9189729e-02  6.5840129e-05  3.0549640e-05
 5.7860850e-02  5.4138767e-05  2.2146958e-05
 5.7896077e-02  5.5306026e-05  2.2545219e-05
 5.9119733e-02  5.5175496e-05  2.3264202e-05
 5.9193279e-02  6.3836039e-05  2.7021481e-05
 5.7212801e-02  7.9214830e-05  3.3477015e-05
 5.7253053e-02  8.7770930e-05  3.8526709e-05
 5.7215547e-02  8.0646317e-05  3.5334916e-05
 5.7255354e-02  8.3765219e-05  3.7558266e-05
 5.8100974e-02  4.3269001e-05  1.7272845e-05
 5.8132261e-02  4.9101328e-05  2.0174667e-05
 5.5222700e-02  7.7718221e-05  3.1592844e-05
 5.5240711e-02  8.3947088e-05  3.4768742e-05
 5.7300522e-02  8.6783483e-05  4.5011437e-05
 5.7332744e-02  8.7559325e-05  4.8539939e-05
 5.5868661e-02  4.9554027e-05  2.3870252e-05
 5.5886322e-02  5.2048416e-05  2.6362919e-05
 5.7213354e-02  8.4103601e-05  5.3133470e-05
 5.7253587e-02  8.3599739e-05  5.5427178e-05
 5.7213347e-02  8.2346907e-05  5.3310822e-05
 5.7253583e-02  8.0365288e-05  5.3505206e-05
 5.7858655e-02  5.6065440e-05  3.5519544e-05
 5.7894212e-02  5.4451902e-05  3.6527175e-05
 5.9115684e-02  5.8106362e-05  3.5390661e-05
 5.9189726e-02  5.8313296e-05  3.7252509e-05
 5.7860849e-02  5.4508923e-05  3.3010720e-05
 5.7896075e-02  5.6091308e-05  3.6477284e-05
 5.9119732e-02  5.6815902e-05  3.6330440e-05
 5.9193278e-02  6.3944210e-05  4.0926612e-05
 5.9158237e-02  7.6212429e-05  4.6830235e-05
 5.9188470e-02  7.7704893e-05  5.0426934e-05
 5.6289155e-02  6.2502779e-05  2.6523486e-05
 5.6306458e-02  6.7623666e-05  3.1984338e-05
 5.8977726e-02  3.7784646e-05  2.0886400e-05
 5.9049957e-02  4.7759766e-05  2.7549903e-05
 5.5368806e-02  9.7901777e-05  4.7657252e-05
 5.5387795e-02  1.0264361e-04  5.0241348e-05
 5.3729285e-02  3.3869935e-05  1.2650950e-05
 5.3735928e-02  3.6290823e-05  1.3848227e-05
 5.4155660e-02  7.9031325e-05  3.8634739e-05
 5.4162218e-02  8.2850942e-05  4.2044542e-05
 5.5367140e-02  1.0119433e-04  6.7698045e-05
 5.5386382e-02  9.8801330e-05  6.6242125e-05
 5.7212801e-02  8.4801191e-05  5.3671530e-05
 5.7253052e-02  7.8643307e-05  4.9099893e-05
 5.7215547e-02  8.3300531e-05  5.2965115e-05
 5.7255352e-02  8.6841158e-05  5.7428650e-05
 5.5368806e-02  1.0021426e-04  6.4154900e-05
 5.5387794e-02  1.0252530e-04  6.6676939e-05
 5.4156364e-02  8.0001193e-05  3.2025934e-05
 5.4162892e-02  8.3409534e-05  3.4803873e-05
 5.4289717e-02  7.3365217e-05  3.3633535e-05
 5.4289720e-02  7.3947960e-05  3.2866544e-05
 5.8637446e-02  8.3408907e-05  7.0657853e-05
 5.8637454e-02  8.3246286e-05  7.0646946e-05
 5.4156360e-02  7.8964146e-05  3.2356377e-05
 5.4162892e-02  8.2901793e-05  3.5829003e-05
 5.4860325e-02  4.6741427e-05  2.2873118e-05
 5.4860379e-02  4.5770819e-05  2.1941946e-05
 5.6287295e-02  6.5269858e-05  2.6654970e-05
 5.6304806e-02  6.3056925e-05  2.5803172e-05
 5.8977645e-02  3.8565134e-05  2.0076153e-05
 5.9049759e-02  4.9642981e-05  2.9805854e-05
 5.9160505e-02  7.7051850e-05  4.9062920e-05
 5.9190398e-02  7.5865183e-05  4.6800839e-05
 5.8282188e-02  6.2756654e-05  3.3487426e-05
 5.8323863e-02  6.4464397e-05  3.5111394e-05
 5.6842807e-02  5.9938805e-05  2.4456339e-05
 5.6886322e-02  5.8903353e-05  2.5143643e-05
 5.8285635e-02  6.3791144e-05  3.8610529e-05
 5.8327060e-02  6.6434287e-05  3.9369400e-05
 5.5223331e-02  8.0461859e-05  4.1101096e-05
 5.5241421e-02  8.2380187e-05  4.1468120e-05
 5.8104299e-02  4.8179364e-05  2.9882366e-05
 5.8135362e-02  4.5856570e-05  2.7214706e-05
 5.4156361e-02  8.2626476e-05  3.4802154e-05
 5.4162892e-02  7.9587052e-05  3.4242951e-05
 5.3729284e-02  3.5373935e-05  1.0303361e-05
 5.3735928e-02  3.4410606e-05  9.8091692e-06
 5.4155660e-02  8.2195660e-05  3.9542465e-05
 5.4162218e-02  7.9595345e-05  3.7707834e-05
 5.5367142e-02  1.0103747e-04  4.1600370e-05
 5.5386381e-02  9.9418764e-05  4.1542261e-05
 5.7212804e-02  8.4133092e-05  3.1794444e-05
 5.7253052e-02  8.0639939e-05  3.1755085e-05
 5.7215544e-02  8.1206320e-05  3.0809566e-05
 5.7255349e-02  8.5996816e-05  3.3278516e-05
 5.5368803e-02  1.0062924e-04  3.5955636e-05
 5.5387793e-02  1.0039860e-04  3.5409623e-05
 5.4860325e-02  4.5599146e-05  1.2744902e-05
 5.4860380e-02  4.7039845e-05  1.3305763e-05
 5.4155661e-02  8.0310253e-05  3.2611224e-05
 5.4162218e-02  8.1206356e-05  3.3432227e-05
 5.4288384e-02  7.2279999e-05  2.3443636e-05
 5.4288480e-02  7.4560418e-05  2.5587104e-05
 5.8635298e-02  8.4190139e-05  4.1170448e-05
 5.8635532e-02  8.2137921e-05  3.9924882e-05
 5.5221214e-02  8.0001066e-05  2.9740949e-05
 5.5239554e-02  8.2165636e-05  3.1216255e-05
 5.8102636e-02  4.2479218e-05  1.7657751e-05
 5.8133662e-02  4.8328492e-05  2.0268956e-05
 5.6839695e-02  6.0487475e-05  1.7445327e-05
 5.6883697e-02  5.7852625e-05  1.7347015e-05
 5.8284174e-02  6.0510225e-05  2.1460696e-05
 5.8325601e-02  6.9423564e-05  2.4552411e-05
 5.8284179e-02  5.9029573e-05  2.2868424e-05
 5.8325602e-02  6.7615737e-05  2.6362528e-05
 5.8973588e-02  4.0714783e-05  1.3551311e-05
 5.9046289e-02  4.4801694e-05  1.6184188e-05
 5.6288248e-02  6.3411664e-05  1.7780509e-05
 5.6305623e-02  6.6041048e-05  1.9151258e-05
 5.9159525e-02  7.1731040e-05  1.6439162e-05
 5.9189476e-02  7.5940121e-05  1.8248558e-05
 5.6287296e-02  6.1802889e-05  1.7118736e-05
 5.6304808e-02  6.6882792e-05  1.9991103e-05
 5.8977643e-02  3.8009021e-05  1.2584531e-05
 5.9049767e-02  4.4886146e-05  1.6082832e-05
 5.9160507e-02  7.2934258e-05  1.6896219e-05
 5.9190396e-02  7.6044868e-05  1.7968175e-05
 5.5367144e-02  9.7823951e-05  3.2660543e-05
 5.5386381e-02  1.0206060e-04  3.5782890e-05
 5.5221215e-02  7.8181934e-05  3.3046147e-05
 5.5239553e-02  8.3450219e-05  3.8791138e-05
 5.8102634e-02  4.5631392e-05  2.6378810e-05
 5.8133662e-02  4.6307462e-05  2.5858121e-05
 5.5867576e-02  5.0460257e-05  1.9848220e-05
 5.5885406e-02  5.2372511e-05  2.2351366e-05
 5.7302608e-02  8.3168501e-05  4.3402089e-05
 5.7334346e-02  8.8696125e-05  4.5238753e-05
 5.7212803e-02  8.2514488e-05  3.3763410e-05
 5.7253059e-02  8.4920958e-05  3.6607005e-05
 5.7215545e-02  7.8319031e-05  3.1039817e-05
 5.7255355e-02  8.5688570e-05  3.3219279e-05
 5.9115688e-02  5.9504576e-05  1.9886604e-05
 5.9189736e-02  6.3098967e-05  2.1717121e-05
 5.7858649e-02  5.3478688e-05  1.2970478e-05
 5.7894206e-02  5.6134283e-05  1.4858259e-05
 5.9119731e-02  5.6592160e-05  1.8501100e-05
 5.9193274e-02  6.2411044e-05  2.1437481e-05
 5.7860845e-02  5.3315090e-05  1.1939252e-05
 5.7896078e-02  5.4669392e-05  1.2397973e-05
 5.8282188e-02  5.9391664e-05  2.1565590e-05
 5.8323865e-02  6.8972066e-05  2.5325259e-05
 5.6842805e-02  5.8805785e-05  1.6811154e-05
 5.6886326e-02  5.8332494e-05  1.7466395e-05
 5.8285638e-02  5.9631710e-05  2.2649211e-05
 5.8327056e-02  6.8878545e-05  2.6025650e-05
 5.7212805e-02  8.0533108e-05  2.6835938e-05
 5.7253052e-02  8.5702235e-05  3.1947752e-05
 5.7215542e-02  7.7979585e-05  3.0717586e-05
 5.7255352e-02  8.4409824e-05  3.4132227e-05
 5.6839698e-02  5.9376932e-05  2.0960672e-05
 5.6883695e-02  5.8886686e-05  2.2687252e-05
 5.8284174e-02  5.9045680e-05  3.0222534e-05
 5.8325599e-02  6.6972486e-05  3.6942354e-05
 5.8284177e-02  6.2448069e-05  3.5157069e-05
 5.8325601e-02  6.7109406e-05  3.8011930e-05
 5.7212804e-02  8.2166849e-05  4.5726696e-05
 5.7253057e-02  8.5098979e-05  5.3534281e-05
 5.7215543e-02  8.0345825e-05  5.0191093e-05
 5.7255354e-02  8.5690288e-05  5.3757216e-05
 5.8282187e-02  6.1223654e-05  3.1417084e-05
 5.8323873e-02  6.8189617e-05  3.7676998e-05
 5.8285641e-02  5.9923253e-05  3.0720921e-05
 5.8327054e-02  6.9707305e-05  3.9336243e-05
 5.6842806e-02  5.8799370e-05  2.1806914e-05
 5.6886329e-02  5.9272797e-05  2.3283355e-05
 5.7216047e-02  7.9518016e-05  3.3825402e-05
 5.7255943e-02  8.4671609e-05  3.6784012e-05
 5.7216046e-02  7.8674997e-05  3.2323953e-05
 5.7255946e-02  8.6600365e-05  3.5388639e-05
 5.5223330e-02  7.7294742e-05  2.8709991e-05
 5.5241423e-02  8.4119924e-05  3.2029234e-05
 5.8104301e-02  4.3176866e-05  1.5791642e-05
 5.8135358e-02  4.9860957e-05  1.7970457e-05
 5.5368802e-02  9.6240784e-05  3.9158901e-05
 5.5387794e-02  1.0298127e-04  4.2222719e-05
 5.8973591e-02  3.9930536e-05  1.9683116e-05
 5.9046285e-02  4.6495353e-05  2.5915758e-05
 5.6288247e-02  6.1693501e-05  3.6139972e-05
 5.6305621e-02  6.5764689e-05  3.9645321e-05
 5.9159522e-02  7.7107886e-05  4.8963502e-05
 5.9189475e-02  7.5353897e-05  4.4973888e-05
 5.9115692e-02  5.9395491e-05  3.2899220e-05
 5.9189733e-02  6.3293666e-05  3.9033413e-05
 5.7858649e-02  5.4943064e-05  3.4995962e-05
 5.7894203e-02  5.2140313e-05  3.3006911e-05
 5.9119732e-02  5.6843529e-05  3.1329640e-05
 5.9193265e-02  6.6300426e-05  4.0795485e-05
 5.7860843e-02  5.5145206e-05  3.3353921e-05
 5.7896078e-02  5.4495111e-05  3.1694593e-05
 5.7216048e-02  8.0539495e-05  4.5074209e-05
 5.7255939e-02  8.6768927e-05  5.2163984e-05
 5.7216044e-02  8.1389149e-05  4.9727133e-05
 5.7255947e-02  8.5354928e-05  5.2894667e-05
 5.5870123e-02  5.0015635e-05  1.7635178e-05
 5.5887758e-02  5.2762202e-05  2.0126221e-05
 5.7303484e-02  8.4716574e-05  4.6702750e-05
 5.7335408e-02  8.9070756e-05  4.9914156e-05
 5.6234096e-02  5.5428382e-05  3.9556609e-05
 5.6234102e-02  5.5824332e-05  3.7448200e-05
 5.6234096e-02  5.7326169e-05  4.2134005e-05
 5.6234102e-02  5.5820153e-05  4.1959878e-05
 5.5870118e-02  4.9795646e-05  1.7980688e-05
 5.5887762e-02  5.1860308e-05  2.0314914e-05
 5.7303486e-02  8.4045815e-05  4.2076028e-05
 5.7335399e-02  9.0413962e-05  4.7028291e-05
 5.6289148e-02  6.2091367e-05  2.2449918e-05
 5.6306459e-02  6.5800986e-05  2.7241091e-05
 5.8977722e-02  3.7326158e-05  1.6580149e-05
 5.9049940e-02  4.9266145e-05  2.5234315e-05
 5.9158236e-02  7.6975044e-05  4.5185591e-05
 5.9188456e-02  7.6900095e-05  4.5845086e-05
 5.7437769e-02  9.2159472e-05  5.1694627e-05
 5.7437906e-02  8.7670386e-05  4.8022459e-05
 5.7437769e-02  9.1126505e-05  5.4162292e-05
 5.7437906e-02  9.2479754e-05  5.5591805e-05
 5.9158236e-02  7.6979273e-05  4.2532006e-05
 5.9188456e-02  7.2017490e-05  4.0191530e-05
 5.8977722e-02  3.8076386e-05  1.8678586e-05
 5.9049940e-02  4.8023347e-05  2.4934880e-05
 5.6289148e-02  6.5710860e-05  2.7548088e-05
 5.6306459e-02  6.4265523e-05  2.6925595e-05
 5.7303486e-02  8.5231843e-05  4.4890286e-05
 5.7335399e-02  8.6481127e-05  4.4600256e-05
 5.5870118e-02  5.2706660e-05  2.0998492e-05
 5.5887763e-02  5.0651658e-05  1.8630841e-05
 5.5870120e-02  5.1868164e-05  1.4099280e-05
 5.5887760e-02  5.0063006e-05  1.3078246e-05
 5.7303484e-02  9.3135311e-05  3.7566349e-05
 5.7335405e-02  8.2529579e-05  3.4700335e-05
 5.5223328e-02  8.0547261e-05  3.1905708e-05
 5.5241424e-02  8.0407608e-05  3.2329057e-05
 5.8104303e-02  4.7043679e-05  2.2924641e-05
 5.8135354e-02  4.6945930e-05  2.3109264e-05
 5.5368801e-02  1.0028199e-04  5.2224364e-05
 5.5387795e-02  9.8879960e-05  5.1068597e-05
 5.6288248e-02  6.5077436e-05  3.4570137e-05
 5.6305621e-02  6.3318323e-05  3.3577136e-05
 5.9159520e-02  7.5346043e-05  4.5114768e-05
 5.9189473e-02  7.7690700e-05  4.6816563e-05
 5.8973590e-02  3.7959268e-05  1.7156869e-05
 5.9046285e-02  4.5132035e-05  2.3547921e-05
 5.7858652e-02  5.6098762e-05  1.9893227e-05
 5.7894202e-02  5.2438203e-05  1.8621896e-05
 5.9119729e-02  5.6502122e-05  2.0597904e-05
 5.9193263e-02  6.4823233e-05  2.4858041e-05
 5.7860842e-02  5.7099431e-05  1.7955614e-05
 5.7896075e-02  5.2797083e-05  1.5958133e-05
 5.9115692e-02  5.5810492e-05  1.9365181e-05
 5.9189727e-02  6.2019484e-05  2.3382542e-05
 5.7216046e-02  8.2036282e-05  3.0675638e-05
 5.7255938e-02  8.2869895e-05  3.0591955e-05
 5.7216043e-02  8.7823764e-05  3.2052347e-05
 5.7255944e-02  8.0059691e-05  2.9726371e-05
 5.6289150e-02  6.5021737e-05  1.6283701e-05
 5.6306458e-02  6.3360324e-05  1.6238112e-05
 5.8977721e-02  4.3999411e-05  1.2430915e-05
 5.9049951e-02  4.2931808e-05  1.2815792e-05
 5.9158237e-02  7.4798127e-05  1.6107455e-05
 5.9188459e-02  7.3526537e-05  1.5484928e-05
 5.5368802e-02  1.0107873e-04  3.1035928e-05
 5.5387795e-02  9.8088863e-05  3.0133101e-05
 5.5222699e-02  8.1064989e-05  3.0272777e-05
 5.5240711e-02  7.9913362e-05  2.9557553e-05
 5.8100972e-02  4.7207306e-05  2.1237369e-05
 5.8132265e-02  4.5003472e-05  2.1241160e-05
 5.5868662e-02  5.1977274e-05  2.1301281e-05
 5.5886321e-02  5.0279323e-05  2.0824448e-05
 5.7300520e-02  8.5447619e-05  4.4210198e-05
 5.7332744e-02  8.5083023e-05  4.4635791e-05
 5.7213350e-02  8.2898200e-05  3.0891647e-05
 5.7253583e-02  8.2636973e-05  3.1575093e-05
 5.7213353e-02  8.0072425e-05  2.8309177e-05
 5.7253583e-02  8.2706213e-05  3.0783345e-05
 5.9115688e-02  5.9549814e-05  1.8104067e-05
 5.9189728e-02  6.1659278e-05  1.9619142e-05
 5.7860844e-02  5.4881627e-05  1.1387972e-05
 5.7896073e-02  5.3850335e-05  1.1290001e-05
 5.9119727e-02  6.3358864e-05  1.8353537e-05
 5.9193271e-02  6.0204884e-05  1.8155264e-05
 5.7858655e-02  5.4263039e-05  1.0425692e-05
 5.7894203e-02  5.3194371e-05  1.0475949e-05
 5.7437770e-02  8.8425508e-05  1.6105445e-05
 5.7437909e-02  9.2929489e-05  1.7647719e-05
 5.7437770e-02  9.1961117e-05  1.6956075e-05
 5.7437909e-02  8.8340366e-05  1.5822838e-05
 5.6288250e-02  6.4208364e-05  1.5738909e-05
 5.6305622e-02  6.4212941e-05  1.6335193e-05
 5.9159520e-02  7.4997833e-05  1.5883444e-05
 5.9189476e-02  7.3980722e-05  1.6018654e-05
 5.8973585e-02  4.3853394e-05  1.1786530e-05
 5.9046288e-02  4.2333513e-05  1.2729686e-05
 5.5868664e-02  5.1033805e-05  1.3292925e-05
 5.5886321e-02  5.1056487e-05  1.2983147e-05
 5.7300518e-02  9.0756927e-05  3.4232838e-05
 5.7332745e-02  8.2863886e-05  3.2609090e-05
 5.6231995e-02  5.4400571e-05  1.8156595e-05
 5.6232199e-02  5.6926802e-05  2.0107545e-05
 5.6231995e-02  5.7151124e-05  2.1219612e-05
 5.6232199e-02  5.4068801e-05  2.0016451e-05
 5.7300518e-02  8.6429020e-05  3.3688747e-05
 5.7332745e-02  8.7289524e-05  3.4373174e-05
 5.5868664e-02  4.9828312e-05  1.2796051e-05
 5.5886321e-02  5.2050741e-05  1.3341063e-05
 5.8973586e-02  3.9895465e-05  1.2087995e-05
 5.9046288e-02  4.6335081e-05  1.4976070e-05
 5.9159520e-02  7.2817109e-05  1.4498503e-05
 5.9189476e-02  7.8494333e-05  1.6182677e-05
 5.6288250e-02  6.2602457e-05  1.6487671e-05
 5.6305622e-02  6.5324993e-05  1.8039858e-05
 5.9158237e-02  7.3107743e-05  1.5161396e-05
 5.9188459e-02  7.7857038e-05  1.6799663e-05
 5.8977721e-02  3.7475963e-05  1.1192210e-05
 5.9049951e-02  4.5157233e-05  1.4646715e-05
 5.6289150e-02  6.2273781e-05  1.6641300e-05
 5.6306458e-02  6.6507420e-05  1.8287278e-05
 5.7858655e-02  5.4376707e-05  1.0401023e-05
 5.7894203e-02  5.4496716e-05  1.0920642e-05
 5.9119727e-02  5.4807332e-05  1.6882385e-05
 5.9193271e-02  6.2004954e-05  2.0116568e-05
 5.7860844e-02  5.3613929e-05  9.8439324e-06
 5.7896072e-02  5.4627000e-05  1.0328387e-05
 5.9115688e-02  6.4162070e-05  1.7822715e-05
 5.9189728e-02  6.0081646e-05  1.7962566e-05
 5.7213353e-02  8.1569861e-05  2.7360993e-05
 5.7253583e-02  8.3643523e-05  2.9939688e-05
 5.7213350e-02  8.6103308e-05  3.1028174e-05
 5.7253583e-02  8.1127819e-05  3.0285436e-05
 5.7300520e-02  8.5812589e-05  3.7746863e-05
 5.7332744e-02  8.7400059e-05  4.2350047e-05
 5.5868662e-02  5.0781736e-05  1.8515688e-05
 5.5886321e-02  5.1856385e-05  1.7982391e-05
 5.8100972e-02  4.4423873e-05  2.1774865e-05
 5.8132265e-02  4.8594543e-05  2.5802702e-05
 5.5222699e-02  7.7737521e-05  3.8025976e-05
 5.5240711e-02  8.4396463e-05  4.2074691e-05
 5.5368802e-02  9.7291948e-05  3.7609746e-05
 5.5387795e-02  1.0268945e-04  3.9426932e-05
 5.7303484e-02  8.2935112e-05  3.5594838e-05
 5.7335405e-02  8.6524099e-05  3.8160479e-05
 5.5870120e-02  4.9464591e-05  1.3548132e-05
 5.5887760e-02  5.3527746e-05  1.3851525e-05
 5.7216043e-02  7.7413969e-05  2.8606791e-05
 5.7255943e-02  8.4469194e-05  3.2076798e-05
 5.7216046e-02  7.8745614e-05  2.5239990e-05
 5.7255938e-02  8.7306331e-05  2.8718144e-05
 5.9115692e-02  5.8587191e-05  1.9012524e-05
 5.9189727e-02  6.2625545e-05  2.1961170e-05
 5.7860842e-02  5.2213696e-05  1.9531622e-05
 5.7896075e-02  5.4659495e-05  2.0385972e-05
 5.9119729e-02  5.5353158e-05  1.7137706e-05
 5.9193262e-02  6.5071350e-05  2.1286082e-05
 5.7858652e-02  5.7214167e-05  1.7739390e-05
 5.7894202e-02  5.3385183e-05  1.5958301e-05
 5.8973590e-02  3.9951409e-05  1.5825644e-05
 5.9046285e-02  4.6010640e-05  2.0900766e-05
 5.9159520e-02  7.1800903e-05  3.6080519e-05
 5.9189473e-02  7.5547225e-05  3.9724132e-05
 5.6288248e-02  6.3906827e-05  3.5190629e-05
 5.6305622e-02  6.5731375e-05  3.5581955e-05
 5.5368801e-02  9.8476815e-05  6.3450911e-05
 5.5387795e-02  1.0238351e-04  6.7029393e-05
 5.8104303e-02  4.3309436e-05  1.9739216e-05
 5.8135355e-02  4.8102587e-05  2.4494549e-05
 5.5223328e-02  7.8385411e-05  3.8716585e-05
 5.5241425e-02  8.4480871e-05  4.2938985e-05
 5.8637447e-02  8.3541323e-05  6.0483618e-05
 5.8637454e-02  8.2251105e-05  5.8549032e-05
 5.4289717e-02  7.4580688e-05  3.2589679e-05
 5.4289720e-02  7.3779415e-05  3.2326090e-05
 5.8104299e-02  4.3661109e-05  1.9018108e-05
 5.8135362e-02  4.6308401e-05  2.2075118e-05
 5.5223331e-02  7.8413361e-05  3.4740530e-05
 5.5241421e-02  8.5276239e-05  3.9768695e-05
 5.8285636e-02  5.9915414e-05  2.7240504e-05
 5.8327060e-02  6.6720191e-05  3.4503264e-05
 5.6842807e-02  5.8823839e-05  1.9344655e-05
 5.6886321e-02  5.9486188e-05  2.0925846e-05
 5.8282188e-02  6.3383071e-05  2.9681140e-05
 5.8323863e-02  6.7594949e-05  3.4757847e-05
 5.9160505e-02  7.2165064e-05  3.5979323e-05
 5.9190398e-02  7.5480462e-05  3.9115465e-05
 5.8977645e-02  3.6489978e-05  1.3413468e-05
 5.9049759e-02  4.9373047e-05  1.9374297e-05
 5.6287295e-02  6.4822845e-05  2.1620539e-05
 5.6304806e-02  6.5807209e-05  2.4172243e-05
 5.4860325e-02  4.6223112e-05  1.8316392e-05
 5.4860379e-02  4.6774966e-05  1.9066668e-05
 5.4156360e-02  8.2895607e-05  3.4892783e-05
 5.4162892e-02  8.0260694e-05  3.2727700e-05
 5.8104301e-02  4.5037364e-05  1.3653662e-05
 5.8135358e-02  4.5370791e-05  1.4023783e-05
 5.5223330e-02  8.3966070e-05  2.8538693e-05
 5.5241423e-02  7.9726442e-05  2.8230164e-05
 5.7303484e-02  8.6530090e-05  3.6426501e-05
 5.7335408e-02  8.3292131e-05  3.4639955e-05
 5.5870123e-02  5.2115433e-05  1.5035074e-05
 5.5887758e-02  5.1509214e-05  1.4409030e-05
 5.7216044e-02  8.1553157e-05  3.7579760e-05
 5.7255947e-02  8.0784970e-05  3.8137793e-05
 5.7216048e-02  8.0251500e-05  3.8929272e-05
 5.7255939e-02  8.7764028e-05  4.3786921e-05
 5.7860843e-02  5.5067809e-05  2.2586874e-05
 5.7896078e-02  5.2764993e-05  2.2073835e-05
 5.9119731e-02  5.5334108e-05  2.4287137e-05
 5.9193265e-02  6.6707563e-05  3.1661905e-05
 5.7858649e-02  5.5159124e-05  2.1074981e-05
 5.7894203e-02  5.5551836e-05  2.1974571e-05
 5.9115692e-02  5.7851989e-05  2.6144936e-05
 5.9189733e-02  6.1756635e-05  3.0080351e-05
 5.9159522e-02  7.5952213e-05  3.7254745e-05
 5.9189475e-02  7.3560211e-05  3.5262296e-05
 5.6288247e-02  6.4778255e-05  3.1174028e-05
 5.6305621e-02  6.4876659e-05  3.1891714e-05
 5.8973591e-02  3.8187344e-05  1.4187237e-05
 5.9046285e-02  4.4840517e-05  1.8850166e-05
 5.5368802e-02  1.0339644e-04  4.2051440e-05
 5.5387794e-02  9.8433376e-05  4.1049769e-05
 5.8285638e-02  6.1907724e-05  1.9815055e-05
 5.8327056e-02  6.5682738e-05  2.1342912e-05
 5.6842805e-02  6.1586919e-05  1.4481929e-05
 5.6886326e-02  5.6627205e-05  1.3430479e-05
 5.8282188e-02  6.1078557e-05  2.0152542e-05
 5.8323865e-02  6.5002695e-05  2.1644402e-05
 5.7216046e-02  8.3574601e-05  2.4556385e-05
 5.7255946e-02  7.9307756e-05  2.3589121e-05
 5.7216047e-02  8.7524313e-05  2.8597417e-05
 5.7255943e-02  8.0917123e-05  2.6635664e-05
 5.6842806e-02  6.0541396e-05  1.8295802e-05
 5.6886329e-02  5.6563466e-05  1.7837738e-05
 5.8285641e-02  6.3003796e-05  2.8616696e-05
 5.8327054e-02  6.7362767e-05  3.2159202e-05
 5.8282187e-02  6.4063168e-05  2.9756471e-05
 5.8323874e-02  6.5054979e-05  3.2601773e-05
 5.7215543e-02  8.3625540e-05  3.9142022e-05
 5.7255354e-02  8.0276492e-05  3.6893728e-05
 5.7212804e-02  8.2700387e-05  4.1216309e-05
 5.7253057e-02  8.1491794e-05  4.0682066e-05
 5.8284176e-02  6.2486700e-05  2.7885513e-05
 5.8325601e-02  6.5666697e-05  3.1483166e-05
 5.8284174e-02  6.2321591e-05  2.8570229e-05
 5.8325599e-02  6.7133096e-05  3.2795627e-05
 5.6839698e-02  5.9908707e-05  1.8206014e-05
 5.6883695e-02  5.7149661e-05  1.8109961e-05
 5.7215542e-02  8.6033478e-05  2.9557050e-05
 5.7255352e-02  8.1368309e-05  2.8020123e-05
 5.7212805e-02  8.0984909e-05  2.5194034e-05
 5.7253052e-02  8.1474030e-05  2.5577903e-05
 5.9160507e-02  7.5533143e-05  1.4398968e-05
 5.9190396e-02  7.4356134e-05  1.4409798e-05
 5.8977643e-02  4.2940199e-05  1.0623761e-05
 5.9049767e-02  4.3696217e-05  1.1644114e-05
 5.6287296e-02  6.4845367e-05  1.5308176e-05
 5.6304808e-02  6.2921633e-05  1.5252227e-05
 5.7860846e-02  5.6278953e-05  8.7454542e-06
 5.7896078e-02  5.1752985e-05  7.9565043e-06
 5.9119731e-02  6.4252930e-05  1.6746982e-05
 5.9193274e-02  5.9803437e-05  1.6613835e-05
 5.7858649e-02  5.5809689e-05  8.4856842e-06
 5.7894206e-02  5.1636564e-05  7.7744315e-06
 5.9115688e-02  6.5348845e-05  1.6593738e-05
 5.9189737e-02  5.9602934e-05  1.6569834e-05
 5.7215545e-02  8.4134662e-05  2.3395093e-05
 5.7255355e-02  7.9534234e-05  2.2263746e-05
 5.7212802e-02  8.7810290e-05  2.7627006e-05
 5.7253059e-02  7.9720301e-05  2.5585129e-05
 5.7302608e-02  8.8906733e-05  3.2123208e-05
 5.7334346e-02  8.3153012e-05  2.8218861e-05
 5.5867576e-02  5.2476469e-05  1.1311762e-05
 5.5885406e-02  5.0113885e-05  1.0328155e-05
 5.8102634e-02  4.6326118e-05  1.8894264e-05
 5.8133662e-02  4.6260070e-05  1.9330192e-05
 5.5221215e-02  7.9946043e-05  3.5322643e-05
 5.5239553e-02  8.0692788e-05  3.7124158e-05
 5.5367144e-02  9.9758217e-05  3.4624804e-05
 5.5386381e-02  9.9308223e-05  3.4781329e-05
 5.4860325e-02  4.6942590e-05  1.2349444e-05
 5.4860380e-02  4.5572273e-05  1.2032591e-05
 5.9159525e-02  7.7341797e-05  1.4422910e-05
 5.9189476e-02  7.2855091e-05  1.3498256e-05
 5.6288248e-02  6.3810720e-05  1.4711554e-05
 5.6305623e-02  6.4401920e-05  1.5577772e-05
 5.8973587e-02  4.5077571e-05  1.0636500e-05
 5.9046289e-02  4.2559269e-05  1.1490765e-05
 5.8284179e-02  6.2802907e-05  1.8146841e-05
 5.8325602e-02  6.5816676e-05  1.9748125e-05
 5.8284174e-02  6.0986111e-05  1.9013289e-05
 5.8325601e-02  6.6283180e-05  2.1119545e-05
 5.6839695e-02  6.1794866e-05  1.3376834e-05
 5.6883697e-02  5.7288038e-05  1.2524416e-05
 5.8102636e-02  4.6826368e-05  1.2040000e-05
 5.8133662e-02  4.5407084e-05  1.2294241e-05
 5.5221214e-02  8.1765508e-05  2.7186056e-05
 5.5239554e-02  8.0846680e-05  2.8080933e-05
 5.8635298e-02  8.2222277e-05  3.2739090e-05
 5.8635532e-02  8.4532644e-05  3.3299175e-05
 5.4288384e-02  7.4808425e-05  2.7414391e-05
 5.4288480e-02  7.2131735e-05  2.6144284e-05
 5.4155661e-02  8.0037733e-05  3.3911318e-05
 5.4162218e-02  8.1712764e-05  3.5106797e-05
 5.4156361e-02  7.9083229e-05  3.6332581e-05
 5.4162892e-02  8.3935490e-05  3.8219717e-05
 5.5368803e-02  9.7744605e-05  3.1692254e-05
 5.5387792e-02  1.0327233e-04  3.3793111e-05
 5.7215544e-02  7.8504703e-05  2.3733651e-05
 5.7255349e-02  8.6875890e-05  2.5785675e-05
 5.7212804e-02  8.7245489e-05  2.8613900e-05
 5.7253053e-02  8.1486094e-05  2.7573554e-05
 5.5367142e-02  1.0127476e-04  4.1935386e-05
 5.5386381e-02  1.0069643e-04  4.2519669e-05
 5.4155660e-02  7.9792166e-05  3.1488069e-05
 5.4162218e-02  8.2617319e-05  3.2383608e-05
 5.3729284e-02  3.4210205e-05  1.1747119e-05
 5.3735928e-02  3.6010981e-05  1.2545698e-05
 5.3004005e-02  6.0407074e-05  9.5815118e-06
 5.3004006e-02  6.1182892e-05  9.4412452e-06
 5.3729286e-02  3.4271284e-05  8.0036244e-06
 5.3735928e-02  3.6445191e-05  9.1848185e-06
 5.5222701e-02  7.7269347e-05  2.8263807e-05
 5.5240711e-02  8.5944796e-05  3.2519135e-05
 5.8100975e-02  4.8238376e-05  1.6607215e-05
 5.8132261e-02  4.7510545e-05  1.7545088e-05
 5.7302610e-02  8.1157745e-05  2.8958696e-05
 5.7334343e-02  9.1555003e-05  3.2191071e-05
 5.5867577e-02  5.2027220e-05  1.0801430e-05
 5.5885402e-02  5.2130992e-05  1.0946528e-05
 5.4155173e-02  8.1186058e-05  2.3020774e-05
 5.4161779e-02  8.2615295e-05  2.4319219e-05
 5.3153797e-02  4.3874486e-05  6.2537077e-06
 5.3153803e-02  4.4946382e-05  6.2620027e-06
 5.3729285e-02  3.6276775e-05  7.8564207e-06
 5.3735928e-02  3.4228119e-05  7.4293709e-06
 5.4156364e-02  8.2303254e-05  2.5113218e-05
 5.4162892e-02  8.1619210e-05  2.4732498e-05
 5.5368806e-02  9.8388628e-05  4.9333317e-05
 5.5387794e-02  1.0379007e-04  5.3151406e-05
 5.7215547e-02  7.8084650e-05  3.2574019e-05
 5.7255352e-02  8.9106884e-05  3.8179935e-05
 5.7212801e-02  8.1954455e-05  3.2920849e-05
 5.7253052e-02  8.7099532e-05  3.7071920e-05
 5.5367140e-02  9.9294095e-05  5.0980414e-05
 5.5386382e-02  1.0267450e-04  5.4191956e-05
 5.4155660e-02  8.2079293e-05  2.5965739e-05
 5.4162218e-02  8.0837546e-05  2.5475092e-05
 5.5222700e-02  8.2880082e-05  2.1520855e-05
 5.5240711e-02  8.0168434e-05  2.1563129e-05
 5.8100974e-02  4.5004842e-05  1.1630185e-05
 5.8132261e-02  4.5148046e-05  1.1947782e-05
 5.5368806e-02  1.0347788e-04  3.4469200e-05
 5.5387795e-02  9.8752465e-05  3.4081329e-05
 5.8977726e-02  3.9785487e-05  1.3032534e-05
 5.9049957e-02  4.3410148e-05  1.6150140e-05
 5.6289155e-02  6.5310233e-05  1.9375442e-05
 5.6306458e-02  6.5196711e-05  2.0446455e-05
 5.9158237e-02  7.9878945e-05  3.9453497e-05
 5.9188470e-02  7.3886106e-05  3.6629057e-05
 5.9119732e-02  5.8989166e-05  2.3123832e-05
 5.9193278e-02  6.0407940e-05  2.5953727e-05
 5.7860849e-02  5.3907368e-05  2.1047820e-05
 5.7896075e-02  5.6529555e-05  2.2205737e-05
 5.9115684e-02  5.7068926e-05  2.1332354e-05
 5.9189726e-02  6.5185179e-05  2.7373952e-05
 5.7858655e-02  5.6491791e-05  2.0728943e-05
 5.7894212e-02  5.3185232e-05  1.8715350e-05
 5.7213347e-02  8.1157244e-05  3.4001308e-05
 5.7253583e-02  8.6345245e-05  3.7419671e-05
 5.7213354e-02  8.2261237e-05  3.4780790e-05
 5.7253587e-02  8.2152624e-05  3.5848805e-05
 5.5868661e-02  5.1866658e-05  1.2416962e-05
 5.5886321e-02  5.1133902e-05  1.1707911e-05
 5.7300522e-02  8.6232442e-05  3.3800300e-05
 5.7332744e-02  8.4332587e-05  3.3435547e-05
 5.7302608e-02  9.0310976e-05  2.2973866e-05
 5.7334346e-02  8.3860604e-05  2.1506113e-05
 5.5867577e-02  5.1616877e-05  6.4726409e-06
 5.5885402e-02  4.9947133e-05  5.9273637e-06
 5.7215547e-02  8.7352419e-05  2.2926433e-05
 5.7255354e-02  8.0440546e-05  2.2193905e-05
 5.7212801e-02  8.3309129e-05  2.0653313e-05
 5.7253053e-02  7.9544097e-05  2.0247753e-05
 5.9119733e-02  5.9910998e-05  1.5304129e-05
 5.9193279e-02  5.9956221e-05  1.6919344e-05
 5.7860850e-02  5.8013116e-05  1.3839654e-05
 5.7896077e-02  5.2506901e-05  1.2099675e-05
 5.9115685e-02  5.8404847e-05  1.5017914e-05
 5.9189729e-02  5.8470359e-05  1.6622266e-05
 5.7858653e-02  5.8488754e-05  1.2343386e-05
 5.7894214e-02  5.2469081e-05  1.0565205e-05
 5.8977647e-02  4.0905427e-05  1.2710285e-05
 5.9049772e-02  4.3469686e-05  1.4937067e-05
 5.9160513e-02  7.6930576e-05  3.4026426e-05
 5.9190396e-02  7.7345328e-05  3.3914798e-05
 5.6287297e-02  6.6538896e-05  1.8958984e-05
 5.6304816e-02  6.3561730e-05  1.9515425e-05
 5.5367144e-02  1.0067280e-04  5.3625222e-05
 5.5386385e-02  9.9527654e-05  5.3799064e-05
 5.8102632e-02  4.5883207e-05  1.4988352e-05
 5.8133661e-02  4.6888443e-05  1.5481353e-05
 5.5221216e-02  8.0199966e-05  2.8841004e-05
 5.5239553e-02  8.0489383e-05  3.0157699e-05
 5.4155173e-02  8.2490980e-05  2.4168202e-05
 5.4161779e-02  7.9426853e-05  2.3889570e-05
 5.5367141e-02  1.0160475e-04  2.8919603e-05
 5.5386383e-02  9.8433638e-05  2.8746481e-05
 5.7213348e-02  8.3980389e-05  2.1592957e-05
 5.7253585e-02  8.0014317e-05  2.1836087e-05
 5.7213352e-02  8.9433946e-05  2.4136886e-05
 5.7253590e-02  8.0984089e-05  2.2918299e-05
 5.5367143e-02  1.0333047e-04  3.5719807e-05
 5.5386387e-02  9.9473108e-05  3.5478275e-05
 5.4155173e-02  8.2643257e-05  1.7048551e-05
 5.4161782e-02  8.0118228e-05  1.6465234e-05
 5.3728405e-02  3.5281195e-05  7.2725406e-06
 5.3735163e-02  3.4377242e-05  7.0711365e-06
 5.3153798e-02  4.5211652e-05  6.0688856e-06
 5.3153803e-02  4.3612231e-05  6.2222254e-06
 5.4155661e-02  8.1121085e-05  2.2814149e-05
 5.4162219e-02  8.1626769e-05  2.3462965e-05
 5.5868663e-02  5.0775616e-05  6.3898732e-06
 5.5886322e-02  5.1534974e-05  6.2441949e-06
 5.7300521e-02  9.4130324e-05  2.6733140e-05
 5.7332747e-02  8.4167923e-05  2.5398362e-05
 5.8102633e-02  4.4083392e-05  1.0664423e-05
 5.8133663e-02  4.6975047e-05  1.1664821e-05
 5.5221215e-02  8.2885355e-05  2.1444046e-05
 5.5239555e-02  8.1419484e-05  2.2085574e-05
 5.3728405e-02  3.5488612e-05  6.8518858e-06
 5.3735164e-02  3.4950561e-05  6.7957363e-06
 5.3003600e-02  6.1105469e-05  4.2988679e-06
 5.3003613e-02  5.9835540e-05  3.8688676e-06
